<?xml version="1.0" encoding="UTF-8"?>
<!-- Generated by org.testng.reporters.JUnitXMLReporter -->
<testsuite ignored="0" hostname="LAPTOP-KSE1UUP1" failures="0" tests="14" name="Free CRM App Test Cases" time="603.651" errors="0" timestamp="27 Aug 2020 06:28:02 GMT">
  <testcase classname="com.crm.qa.testcases.LoginPageTest" name="loginPageTitleTest" time="0.123"/>
  <testcase classname="com.crm.qa.testcases.ContactsPageTest" name="verifyContactsPageLabel" time="0.817"/>
  <testcase classname="com.crm.qa.testcases.LoginPageTest" name="VerifyemailIDfieldTest" time="0.111"/>
  <testcase classname="com.crm.qa.testcases.ContactsPageTest" name="selectSingleContactsTest" time="14.78"/>
  <testcase classname="com.crm.qa.testcases.LoginPageTest" name="loginTest" time="0.649"/>
  <testcase classname="com.crm.qa.testcases.ContactsPageTest" name="selectMultipleContactsTest" time="22.087"/>
  <testcase classname="com.crm.qa.testcases.LoginPageTest" name="VerifypasswordfieldTest" time="0.136"/>
  <testcase classname="com.crm.qa.testcases.ContactsPageTest" name="deleteSingleContactsTest" time="18.636"/>
  <testcase classname="com.crm.qa.testcases.LoginPageTest" name="VerifyLoginBtnTest" time="0.045"/>
  <testcase classname="com.crm.qa.testcases.ContactsPageTest" name="deleteMultipleContactsTest" time="39.755"/>
  <testcase classname="com.crm.qa.testcases.ContactsPageTest" name="validateCreateNewContact" time="12.252"/>
  <testcase classname="com.crm.qa.testcases.ContactsPageTest" name="validateCreateNewContact" time="12.198"/>
  <testcase classname="com.crm.qa.testcases.ContactsPageTest" name="validateCreateNewContact" time="13.141"/>
  <testcase classname="com.crm.qa.testcases.ContactsPageTest" name="validateCreateNewContact" time="12.495"/>
</testsuite> <!-- Free CRM App Test Cases -->
