<?xml version="1.0" encoding="UTF-8"?>
<testng-results ignored="0" total="14" passed="14" failed="0" skipped="0">
  <reporter-output>
  </reporter-output>
  <suite started-at="2020-08-27T06:17:58Z" name="FREE CRM Application Test Automation Test Suite" finished-at="2020-08-27T06:28:01Z" duration-ms="603651">
    <groups>
    </groups>
    <test started-at="2020-08-27T06:17:58Z" name="Free CRM App Test Cases" finished-at="2020-08-27T06:28:01Z" duration-ms="603651">
      <class name="com.crm.qa.testcases.ContactsPageTest">
        <test-method is-config="true" signature="setUp()[pri:0, instance:com.crm.qa.testcases.ContactsPageTest@147ed70f]" started-at="2020-08-27T11:48:34Z" name="setUp" finished-at="2020-08-27T11:49:18Z" duration-ms="44402" status="PASS">
          <reporter-output>
          </reporter-output>
        </test-method> <!-- setUp -->
        <test-method signature="verifyContactsPageLabel()[pri:1, instance:com.crm.qa.testcases.ContactsPageTest@147ed70f]" started-at="2020-08-27T11:49:18Z" name="verifyContactsPageLabel" finished-at="2020-08-27T11:49:19Z" duration-ms="817" status="PASS">
          <reporter-output>
          </reporter-output>
        </test-method> <!-- verifyContactsPageLabel -->
        <test-method is-config="true" signature="tearDown()[pri:0, instance:com.crm.qa.testcases.ContactsPageTest@147ed70f]" started-at="2020-08-27T11:49:19Z" name="tearDown" finished-at="2020-08-27T11:49:21Z" duration-ms="2249" status="PASS">
          <reporter-output>
          </reporter-output>
        </test-method> <!-- tearDown -->
        <test-method is-config="true" signature="setUp()[pri:0, instance:com.crm.qa.testcases.ContactsPageTest@147ed70f]" started-at="2020-08-27T11:49:40Z" name="setUp" finished-at="2020-08-27T11:50:14Z" duration-ms="33932" status="PASS">
          <reporter-output>
          </reporter-output>
        </test-method> <!-- setUp -->
        <test-method signature="selectSingleContactsTest()[pri:2, instance:com.crm.qa.testcases.ContactsPageTest@147ed70f]" started-at="2020-08-27T11:50:14Z" name="selectSingleContactsTest" finished-at="2020-08-27T11:50:29Z" duration-ms="14780" status="PASS">
          <reporter-output>
          </reporter-output>
        </test-method> <!-- selectSingleContactsTest -->
        <test-method is-config="true" signature="tearDown()[pri:0, instance:com.crm.qa.testcases.ContactsPageTest@147ed70f]" started-at="2020-08-27T11:50:29Z" name="tearDown" finished-at="2020-08-27T11:50:36Z" duration-ms="6954" status="PASS">
          <reporter-output>
          </reporter-output>
        </test-method> <!-- tearDown -->
        <test-method is-config="true" signature="setUp()[pri:0, instance:com.crm.qa.testcases.ContactsPageTest@147ed70f]" started-at="2020-08-27T11:51:02Z" name="setUp" finished-at="2020-08-27T11:51:36Z" duration-ms="33377" status="PASS">
          <reporter-output>
          </reporter-output>
        </test-method> <!-- setUp -->
        <test-method signature="selectMultipleContactsTest()[pri:3, instance:com.crm.qa.testcases.ContactsPageTest@147ed70f]" started-at="2020-08-27T11:51:36Z" name="selectMultipleContactsTest" finished-at="2020-08-27T11:51:58Z" duration-ms="22087" status="PASS">
          <reporter-output>
          </reporter-output>
        </test-method> <!-- selectMultipleContactsTest -->
        <test-method is-config="true" signature="tearDown()[pri:0, instance:com.crm.qa.testcases.ContactsPageTest@147ed70f]" started-at="2020-08-27T11:51:58Z" name="tearDown" finished-at="2020-08-27T11:52:05Z" duration-ms="7159" status="PASS">
          <reporter-output>
          </reporter-output>
        </test-method> <!-- tearDown -->
        <test-method is-config="true" signature="setUp()[pri:0, instance:com.crm.qa.testcases.ContactsPageTest@147ed70f]" started-at="2020-08-27T11:52:24Z" name="setUp" finished-at="2020-08-27T11:52:55Z" duration-ms="30994" status="PASS">
          <reporter-output>
          </reporter-output>
        </test-method> <!-- setUp -->
        <test-method signature="deleteSingleContactsTest()[pri:4, instance:com.crm.qa.testcases.ContactsPageTest@147ed70f]" started-at="2020-08-27T11:52:55Z" name="deleteSingleContactsTest" finished-at="2020-08-27T11:53:13Z" duration-ms="18636" status="PASS">
          <reporter-output>
          </reporter-output>
        </test-method> <!-- deleteSingleContactsTest -->
        <test-method is-config="true" signature="tearDown()[pri:0, instance:com.crm.qa.testcases.ContactsPageTest@147ed70f]" started-at="2020-08-27T11:53:13Z" name="tearDown" finished-at="2020-08-27T11:53:15Z" duration-ms="1370" status="PASS">
          <reporter-output>
          </reporter-output>
        </test-method> <!-- tearDown -->
        <test-method is-config="true" signature="setUp()[pri:0, instance:com.crm.qa.testcases.ContactsPageTest@147ed70f]" started-at="2020-08-27T11:53:25Z" name="setUp" finished-at="2020-08-27T11:53:56Z" duration-ms="30437" status="PASS">
          <reporter-output>
          </reporter-output>
        </test-method> <!-- setUp -->
        <test-method signature="deleteMultipleContactsTest()[pri:5, instance:com.crm.qa.testcases.ContactsPageTest@147ed70f]" started-at="2020-08-27T11:53:56Z" name="deleteMultipleContactsTest" finished-at="2020-08-27T11:54:36Z" duration-ms="39755" status="PASS">
          <reporter-output>
          </reporter-output>
        </test-method> <!-- deleteMultipleContactsTest -->
        <test-method is-config="true" signature="tearDown()[pri:0, instance:com.crm.qa.testcases.ContactsPageTest@147ed70f]" started-at="2020-08-27T11:54:36Z" name="tearDown" finished-at="2020-08-27T11:54:37Z" duration-ms="1110" status="PASS">
          <reporter-output>
          </reporter-output>
        </test-method> <!-- tearDown -->
        <test-method is-config="true" signature="setUp()[pri:0, instance:com.crm.qa.testcases.ContactsPageTest@147ed70f]" started-at="2020-08-27T11:54:40Z" name="setUp" finished-at="2020-08-27T11:55:14Z" duration-ms="33837" status="PASS">
          <reporter-output>
          </reporter-output>
        </test-method> <!-- setUp -->
        <test-method signature="validateCreateNewContact(java.lang.String, java.lang.String)[pri:6, instance:com.crm.qa.testcases.ContactsPageTest@147ed70f]" started-at="2020-08-27T11:55:14Z" name="validateCreateNewContact" data-provider="getCRMTestData" finished-at="2020-08-27T11:55:26Z" duration-ms="12252" status="PASS">
          <params>
            <param index="0">
              <value>
                <![CDATA[Tom]]>
              </value>
            </param>
            <param index="1">
              <value>
                <![CDATA[Peter]]>
              </value>
            </param>
          </params>
          <reporter-output>
          </reporter-output>
        </test-method> <!-- validateCreateNewContact -->
        <test-method is-config="true" signature="tearDown()[pri:0, instance:com.crm.qa.testcases.ContactsPageTest@147ed70f]" started-at="2020-08-27T11:55:26Z" name="tearDown" finished-at="2020-08-27T11:55:28Z" duration-ms="1898" status="PASS">
          <reporter-output>
          </reporter-output>
        </test-method> <!-- tearDown -->
        <test-method is-config="true" signature="setUp()[pri:0, instance:com.crm.qa.testcases.ContactsPageTest@147ed70f]" started-at="2020-08-27T11:55:28Z" name="setUp" finished-at="2020-08-27T11:56:14Z" duration-ms="46610" status="PASS">
          <reporter-output>
          </reporter-output>
        </test-method> <!-- setUp -->
        <test-method signature="validateCreateNewContact(java.lang.String, java.lang.String)[pri:6, instance:com.crm.qa.testcases.ContactsPageTest@147ed70f]" started-at="2020-08-27T11:56:14Z" name="validateCreateNewContact" data-provider="getCRMTestData" finished-at="2020-08-27T11:56:26Z" duration-ms="12198" status="PASS">
          <params>
            <param index="0">
              <value>
                <![CDATA[David]]>
              </value>
            </param>
            <param index="1">
              <value>
                <![CDATA[Cris]]>
              </value>
            </param>
          </params>
          <reporter-output>
          </reporter-output>
        </test-method> <!-- validateCreateNewContact -->
        <test-method is-config="true" signature="tearDown()[pri:0, instance:com.crm.qa.testcases.ContactsPageTest@147ed70f]" started-at="2020-08-27T11:56:26Z" name="tearDown" finished-at="2020-08-27T11:56:29Z" duration-ms="2315" status="PASS">
          <reporter-output>
          </reporter-output>
        </test-method> <!-- tearDown -->
        <test-method is-config="true" signature="setUp()[pri:0, instance:com.crm.qa.testcases.ContactsPageTest@147ed70f]" started-at="2020-08-27T11:56:29Z" name="setUp" finished-at="2020-08-27T11:57:01Z" duration-ms="31871" status="PASS">
          <reporter-output>
          </reporter-output>
        </test-method> <!-- setUp -->
        <test-method signature="validateCreateNewContact(java.lang.String, java.lang.String)[pri:6, instance:com.crm.qa.testcases.ContactsPageTest@147ed70f]" started-at="2020-08-27T11:57:01Z" name="validateCreateNewContact" data-provider="getCRMTestData" finished-at="2020-08-27T11:57:14Z" duration-ms="13141" status="PASS">
          <params>
            <param index="0">
              <value>
                <![CDATA[Mukta]]>
              </value>
            </param>
            <param index="1">
              <value>
                <![CDATA[Sharma]]>
              </value>
            </param>
          </params>
          <reporter-output>
          </reporter-output>
        </test-method> <!-- validateCreateNewContact -->
        <test-method is-config="true" signature="tearDown()[pri:0, instance:com.crm.qa.testcases.ContactsPageTest@147ed70f]" started-at="2020-08-27T11:57:14Z" name="tearDown" finished-at="2020-08-27T11:57:16Z" duration-ms="1905" status="PASS">
          <reporter-output>
          </reporter-output>
        </test-method> <!-- tearDown -->
        <test-method is-config="true" signature="setUp()[pri:0, instance:com.crm.qa.testcases.ContactsPageTest@147ed70f]" started-at="2020-08-27T11:57:16Z" name="setUp" finished-at="2020-08-27T11:57:48Z" duration-ms="31817" status="PASS">
          <reporter-output>
          </reporter-output>
        </test-method> <!-- setUp -->
        <test-method signature="validateCreateNewContact(java.lang.String, java.lang.String)[pri:6, instance:com.crm.qa.testcases.ContactsPageTest@147ed70f]" started-at="2020-08-27T11:57:48Z" name="validateCreateNewContact" data-provider="getCRMTestData" finished-at="2020-08-27T11:58:00Z" duration-ms="12495" status="PASS">
          <params>
            <param index="0">
              <value>
                <![CDATA[shrikant]]>
              </value>
            </param>
            <param index="1">
              <value>
                <![CDATA[patil]]>
              </value>
            </param>
          </params>
          <reporter-output>
          </reporter-output>
        </test-method> <!-- validateCreateNewContact -->
        <test-method is-config="true" signature="tearDown()[pri:0, instance:com.crm.qa.testcases.ContactsPageTest@147ed70f]" started-at="2020-08-27T11:58:00Z" name="tearDown" finished-at="2020-08-27T11:58:01Z" duration-ms="1460" status="PASS">
          <reporter-output>
          </reporter-output>
        </test-method> <!-- tearDown -->
      </class> <!-- com.crm.qa.testcases.ContactsPageTest -->
      <class name="com.crm.qa.testcases.LoginPageTest">
        <test-method is-config="true" signature="setUp()[pri:0, instance:com.crm.qa.testcases.LoginPageTest@4278a03f]" started-at="2020-08-27T11:47:58Z" name="setUp" finished-at="2020-08-27T11:48:32Z" duration-ms="33810" status="PASS">
          <reporter-output>
          </reporter-output>
        </test-method> <!-- setUp -->
        <test-method signature="loginPageTitleTest()[pri:1, instance:com.crm.qa.testcases.LoginPageTest@4278a03f]" started-at="2020-08-27T11:48:32Z" name="loginPageTitleTest" finished-at="2020-08-27T11:48:32Z" duration-ms="123" status="PASS">
          <reporter-output>
          </reporter-output>
        </test-method> <!-- loginPageTitleTest -->
        <test-method is-config="true" signature="tearDown()[pri:0, instance:com.crm.qa.testcases.LoginPageTest@4278a03f]" started-at="2020-08-27T11:48:32Z" name="tearDown" finished-at="2020-08-27T11:48:34Z" duration-ms="1963" status="PASS">
          <reporter-output>
          </reporter-output>
        </test-method> <!-- tearDown -->
        <test-method is-config="true" signature="setUp()[pri:0, instance:com.crm.qa.testcases.LoginPageTest@4278a03f]" started-at="2020-08-27T11:49:21Z" name="setUp" finished-at="2020-08-27T11:49:39Z" duration-ms="17978" status="PASS">
          <reporter-output>
          </reporter-output>
        </test-method> <!-- setUp -->
        <test-method signature="VerifyemailIDfieldTest()[pri:2, instance:com.crm.qa.testcases.LoginPageTest@4278a03f]" started-at="2020-08-27T11:49:39Z" name="VerifyemailIDfieldTest" finished-at="2020-08-27T11:49:39Z" duration-ms="111" status="PASS">
          <reporter-output>
          </reporter-output>
        </test-method> <!-- VerifyemailIDfieldTest -->
        <test-method is-config="true" signature="tearDown()[pri:0, instance:com.crm.qa.testcases.LoginPageTest@4278a03f]" started-at="2020-08-27T11:49:39Z" name="tearDown" finished-at="2020-08-27T11:49:40Z" duration-ms="1010" status="PASS">
          <reporter-output>
          </reporter-output>
        </test-method> <!-- tearDown -->
        <test-method is-config="true" signature="setUp()[pri:0, instance:com.crm.qa.testcases.LoginPageTest@4278a03f]" started-at="2020-08-27T11:50:36Z" name="setUp" finished-at="2020-08-27T11:50:53Z" duration-ms="16913" status="PASS">
          <reporter-output>
          </reporter-output>
        </test-method> <!-- setUp -->
        <test-method signature="loginTest()[pri:3, instance:com.crm.qa.testcases.LoginPageTest@4278a03f]" started-at="2020-08-27T11:50:53Z" name="loginTest" finished-at="2020-08-27T11:50:54Z" duration-ms="649" status="PASS">
          <reporter-output>
          </reporter-output>
        </test-method> <!-- loginTest -->
        <test-method is-config="true" signature="tearDown()[pri:0, instance:com.crm.qa.testcases.LoginPageTest@4278a03f]" started-at="2020-08-27T11:50:54Z" name="tearDown" finished-at="2020-08-27T11:51:02Z" duration-ms="8803" status="PASS">
          <reporter-output>
          </reporter-output>
        </test-method> <!-- tearDown -->
        <test-method is-config="true" signature="setUp()[pri:0, instance:com.crm.qa.testcases.LoginPageTest@4278a03f]" started-at="2020-08-27T11:52:05Z" name="setUp" finished-at="2020-08-27T11:52:23Z" duration-ms="17576" status="PASS">
          <reporter-output>
          </reporter-output>
        </test-method> <!-- setUp -->
        <test-method signature="VerifypasswordfieldTest()[pri:4, instance:com.crm.qa.testcases.LoginPageTest@4278a03f]" started-at="2020-08-27T11:52:23Z" name="VerifypasswordfieldTest" finished-at="2020-08-27T11:52:23Z" duration-ms="136" status="PASS">
          <reporter-output>
          </reporter-output>
        </test-method> <!-- VerifypasswordfieldTest -->
        <test-method is-config="true" signature="tearDown()[pri:0, instance:com.crm.qa.testcases.LoginPageTest@4278a03f]" started-at="2020-08-27T11:52:23Z" name="tearDown" finished-at="2020-08-27T11:52:24Z" duration-ms="892" status="PASS">
          <reporter-output>
          </reporter-output>
        </test-method> <!-- tearDown -->
        <test-method is-config="true" signature="setUp()[pri:0, instance:com.crm.qa.testcases.LoginPageTest@4278a03f]" started-at="2020-08-27T11:53:15Z" name="setUp" finished-at="2020-08-27T11:53:24Z" duration-ms="9670" status="PASS">
          <reporter-output>
          </reporter-output>
        </test-method> <!-- setUp -->
        <test-method signature="VerifyLoginBtnTest()[pri:5, instance:com.crm.qa.testcases.LoginPageTest@4278a03f]" started-at="2020-08-27T11:53:24Z" name="VerifyLoginBtnTest" finished-at="2020-08-27T11:53:24Z" duration-ms="45" status="PASS">
          <reporter-output>
          </reporter-output>
        </test-method> <!-- VerifyLoginBtnTest -->
        <test-method is-config="true" signature="tearDown()[pri:0, instance:com.crm.qa.testcases.LoginPageTest@4278a03f]" started-at="2020-08-27T11:53:24Z" name="tearDown" finished-at="2020-08-27T11:53:25Z" duration-ms="1133" status="PASS">
          <reporter-output>
          </reporter-output>
        </test-method> <!-- tearDown -->
      </class> <!-- com.crm.qa.testcases.LoginPageTest -->
    </test> <!-- Free CRM App Test Cases -->
  </suite> <!-- FREE CRM Application Test Automation Test Suite -->
</testng-results>
